<?xml version="1.0" encoding="UTF-8"?>
<!-- Generated by org.testng.reporters.JUnitReportReporter -->
<testsuite hostname="DESKTOP-5SVDOTH" failures="0" tests="1" name="com.mvn.Ques2" time="54.267" errors="0" timestamp="2024-02-06T22:08:56 IST" skipped="0">
  <testcase classname="com.mvn.Ques2" name="Q2" time="54.267"/>
  <system-out/>
</testsuite> <!-- com.mvn.Ques2 -->
